running egg_info
writing ../../build/swarm_control/swarm_control.egg-info/PKG-INFO
writing dependency_links to ../../build/swarm_control/swarm_control.egg-info/dependency_links.txt
writing entry points to ../../build/swarm_control/swarm_control.egg-info/entry_points.txt
writing requirements to ../../build/swarm_control/swarm_control.egg-info/requires.txt
writing top-level names to ../../build/swarm_control/swarm_control.egg-info/top_level.txt
reading manifest file '../../build/swarm_control/swarm_control.egg-info/SOURCES.txt'
writing manifest file '../../build/swarm_control/swarm_control.egg-info/SOURCES.txt'
running build
running build_py
running install
running install_lib
running install_data
creating /home/ros-user/swarm-formation-ros/ros_ws/install/swarm_control/share/swarm_control/launch
copying launch/my_node_launch.py -> /home/ros-user/swarm-formation-ros/ros_ws/install/swarm_control/share/swarm_control/launch
running install_egg_info
removing '/home/ros-user/swarm-formation-ros/ros_ws/install/swarm_control/lib/python3.10/site-packages/swarm_control-0.0.0-py3.10.egg-info' (and everything under it)
Copying ../../build/swarm_control/swarm_control.egg-info to /home/ros-user/swarm-formation-ros/ros_ws/install/swarm_control/lib/python3.10/site-packages/swarm_control-0.0.0-py3.10.egg-info
running install_scripts
Installing my_node script to /home/ros-user/swarm-formation-ros/ros_ws/install/swarm_control/lib/swarm_control
writing list of installed files to '/home/ros-user/swarm-formation-ros/ros_ws/build/swarm_control/install.log'
