[0.366s] Invoking command in '/home/ros-user/swarm-formation-ros/ros_ws/src/swarm_control': PYTHONPATH=/home/ros-user/swarm-formation-ros/ros_ws/build/swarm_control/prefix_override:/usr/lib/python3/dist-packages/colcon_core/task/python/colcon_distutils_commands:/home/ros-user/swarm-formation-ros/ros_ws/install/swarm_control/lib/python3.10/site-packages:${PYTHONPATH} /usr/bin/python3 -W ignore:setup.py install is deprecated -W ignore:easy_install command is deprecated setup.py egg_info --egg-base ../../build/swarm_control build --build-base /home/ros-user/swarm-formation-ros/ros_ws/build/swarm_control/build install --record /home/ros-user/swarm-formation-ros/ros_ws/build/swarm_control/install.log --single-version-externally-managed install_data
[0.489s] running egg_info
[0.489s] writing ../../build/swarm_control/swarm_control.egg-info/PKG-INFO
[0.490s] writing dependency_links to ../../build/swarm_control/swarm_control.egg-info/dependency_links.txt
[0.490s] writing entry points to ../../build/swarm_control/swarm_control.egg-info/entry_points.txt
[0.490s] writing requirements to ../../build/swarm_control/swarm_control.egg-info/requires.txt
[0.490s] writing top-level names to ../../build/swarm_control/swarm_control.egg-info/top_level.txt
[0.490s] reading manifest file '../../build/swarm_control/swarm_control.egg-info/SOURCES.txt'
[0.491s] writing manifest file '../../build/swarm_control/swarm_control.egg-info/SOURCES.txt'
[0.491s] running build
[0.491s] running build_py
[0.491s] running install
[0.491s] running install_lib
[0.492s] running install_data
[0.492s] creating /home/ros-user/swarm-formation-ros/ros_ws/install/swarm_control/share/swarm_control/launch
[0.492s] copying launch/my_node_launch.py -> /home/ros-user/swarm-formation-ros/ros_ws/install/swarm_control/share/swarm_control/launch
[0.492s] running install_egg_info
[0.493s] removing '/home/ros-user/swarm-formation-ros/ros_ws/install/swarm_control/lib/python3.10/site-packages/swarm_control-0.0.0-py3.10.egg-info' (and everything under it)
[0.493s] Copying ../../build/swarm_control/swarm_control.egg-info to /home/ros-user/swarm-formation-ros/ros_ws/install/swarm_control/lib/python3.10/site-packages/swarm_control-0.0.0-py3.10.egg-info
[0.494s] running install_scripts
[0.505s] Installing my_node script to /home/ros-user/swarm-formation-ros/ros_ws/install/swarm_control/lib/swarm_control
[0.505s] writing list of installed files to '/home/ros-user/swarm-formation-ros/ros_ws/build/swarm_control/install.log'
[0.519s] Invoked command in '/home/ros-user/swarm-formation-ros/ros_ws/src/swarm_control' returned '0': PYTHONPATH=/home/ros-user/swarm-formation-ros/ros_ws/build/swarm_control/prefix_override:/usr/lib/python3/dist-packages/colcon_core/task/python/colcon_distutils_commands:/home/ros-user/swarm-formation-ros/ros_ws/install/swarm_control/lib/python3.10/site-packages:${PYTHONPATH} /usr/bin/python3 -W ignore:setup.py install is deprecated -W ignore:easy_install command is deprecated setup.py egg_info --egg-base ../../build/swarm_control build --build-base /home/ros-user/swarm-formation-ros/ros_ws/build/swarm_control/build install --record /home/ros-user/swarm-formation-ros/ros_ws/build/swarm_control/install.log --single-version-externally-managed install_data
