[0.090s] DEBUG:colcon:Command line arguments: ['/usr/bin/colcon', 'build']
[0.090s] DEBUG:colcon:Parsed command line arguments: Namespace(log_base=None, log_level=None, verb_name='build', build_base='build', install_base='install', merge_install=False, symlink_install=False, test_result_base=None, continue_on_error=False, executor='parallel', parallel_workers=12, event_handlers=None, ignore_user_meta=False, metas=['./colcon.meta'], base_paths=['.'], packages_ignore=None, packages_ignore_regex=None, paths=None, packages_up_to=None, packages_up_to_regex=None, packages_above=None, packages_above_and_dependencies=None, packages_above_depth=None, packages_select_by_dep=None, packages_skip_by_dep=None, packages_skip_up_to=None, packages_select_build_failed=False, packages_skip_build_finished=False, packages_select_test_failures=False, packages_skip_test_passed=False, packages_select=None, packages_skip=None, packages_select_regex=None, packages_skip_regex=None, packages_start=None, packages_end=None, allow_overriding=[], cmake_args=None, cmake_target=None, cmake_target_skip_unavailable=False, cmake_clean_cache=False, cmake_clean_first=False, cmake_force_configure=False, ament_cmake_args=None, catkin_cmake_args=None, catkin_skip_building_tests=False, mixin_files=None, mixin=None, verb_parser=<colcon_mixin.mixin.mixin_argument.MixinArgumentDecorator object at 0x7832411a61d0>, verb_extension=<colcon_core.verb.build.BuildVerb object at 0x78324132bf40>, main=<bound method BuildVerb.main of <colcon_core.verb.build.BuildVerb object at 0x78324132bf40>>, mixin_verb=('build',))
[0.235s] Level 1:colcon.colcon_core.package_discovery:discover_packages(colcon_meta) check parameters
[0.235s] Level 1:colcon.colcon_core.package_discovery:discover_packages(recursive) check parameters
[0.235s] Level 1:colcon.colcon_core.package_discovery:discover_packages(ignore) check parameters
[0.235s] Level 1:colcon.colcon_core.package_discovery:discover_packages(path) check parameters
[0.235s] Level 1:colcon.colcon_core.package_discovery:discover_packages(colcon_meta) discover
[0.235s] Level 1:colcon.colcon_core.package_discovery:discover_packages(recursive) discover
[0.235s] INFO:colcon.colcon_core.package_discovery:Crawling recursively for packages in '/home/ros-user/swarm-formation-ros/ros_ws'
[0.235s] Level 1:colcon.colcon_core.package_identification:_identify(.) by extensions ['ignore', 'ignore_ament_install']
[0.235s] Level 1:colcon.colcon_core.package_identification:_identify(.) by extension 'ignore'
[0.235s] Level 1:colcon.colcon_core.package_identification:_identify(.) by extension 'ignore_ament_install'
[0.235s] Level 1:colcon.colcon_core.package_identification:_identify(.) by extensions ['colcon_pkg']
[0.235s] Level 1:colcon.colcon_core.package_identification:_identify(.) by extension 'colcon_pkg'
[0.235s] Level 1:colcon.colcon_core.package_identification:_identify(.) by extensions ['colcon_meta']
[0.235s] Level 1:colcon.colcon_core.package_identification:_identify(.) by extension 'colcon_meta'
[0.235s] Level 1:colcon.colcon_core.package_identification:_identify(.) by extensions ['ros']
[0.235s] Level 1:colcon.colcon_core.package_identification:_identify(.) by extension 'ros'
[0.250s] Level 1:colcon.colcon_core.package_identification:_identify(.) by extensions ['cmake', 'python']
[0.250s] Level 1:colcon.colcon_core.package_identification:_identify(.) by extension 'cmake'
[0.250s] Level 1:colcon.colcon_core.package_identification:_identify(.) by extension 'python'
[0.250s] Level 1:colcon.colcon_core.package_identification:_identify(.) by extensions ['python_setup_py']
[0.250s] Level 1:colcon.colcon_core.package_identification:_identify(.) by extension 'python_setup_py'
[0.250s] Level 1:colcon.colcon_core.package_identification:_identify(build) by extensions ['ignore', 'ignore_ament_install']
[0.250s] Level 1:colcon.colcon_core.package_identification:_identify(build) by extension 'ignore'
[0.250s] Level 1:colcon.colcon_core.package_identification:_identify(build) ignored
[0.250s] Level 1:colcon.colcon_core.package_identification:_identify(install) by extensions ['ignore', 'ignore_ament_install']
[0.250s] Level 1:colcon.colcon_core.package_identification:_identify(install) by extension 'ignore'
[0.250s] Level 1:colcon.colcon_core.package_identification:_identify(install) ignored
[0.250s] Level 1:colcon.colcon_core.package_identification:_identify(log) by extensions ['ignore', 'ignore_ament_install']
[0.250s] Level 1:colcon.colcon_core.package_identification:_identify(log) by extension 'ignore'
[0.250s] Level 1:colcon.colcon_core.package_identification:_identify(log) ignored
[0.250s] Level 1:colcon.colcon_core.package_identification:_identify(src) by extensions ['ignore', 'ignore_ament_install']
[0.250s] Level 1:colcon.colcon_core.package_identification:_identify(src) by extension 'ignore'
[0.250s] Level 1:colcon.colcon_core.package_identification:_identify(src) by extension 'ignore_ament_install'
[0.250s] Level 1:colcon.colcon_core.package_identification:_identify(src) by extensions ['colcon_pkg']
[0.250s] Level 1:colcon.colcon_core.package_identification:_identify(src) by extension 'colcon_pkg'
[0.251s] Level 1:colcon.colcon_core.package_identification:_identify(src) by extensions ['colcon_meta']
[0.251s] Level 1:colcon.colcon_core.package_identification:_identify(src) by extension 'colcon_meta'
[0.251s] Level 1:colcon.colcon_core.package_identification:_identify(src) by extensions ['ros']
[0.251s] Level 1:colcon.colcon_core.package_identification:_identify(src) by extension 'ros'
[0.251s] Level 1:colcon.colcon_core.package_identification:_identify(src) by extensions ['cmake', 'python']
[0.251s] Level 1:colcon.colcon_core.package_identification:_identify(src) by extension 'cmake'
[0.251s] Level 1:colcon.colcon_core.package_identification:_identify(src) by extension 'python'
[0.251s] Level 1:colcon.colcon_core.package_identification:_identify(src) by extensions ['python_setup_py']
[0.251s] Level 1:colcon.colcon_core.package_identification:_identify(src) by extension 'python_setup_py'
[0.251s] Level 1:colcon.colcon_core.package_identification:_identify(src/swarm_control) by extensions ['ignore', 'ignore_ament_install']
[0.251s] Level 1:colcon.colcon_core.package_identification:_identify(src/swarm_control) by extension 'ignore'
[0.251s] Level 1:colcon.colcon_core.package_identification:_identify(src/swarm_control) by extension 'ignore_ament_install'
[0.251s] Level 1:colcon.colcon_core.package_identification:_identify(src/swarm_control) by extensions ['colcon_pkg']
[0.251s] Level 1:colcon.colcon_core.package_identification:_identify(src/swarm_control) by extension 'colcon_pkg'
[0.251s] Level 1:colcon.colcon_core.package_identification:_identify(src/swarm_control) by extensions ['colcon_meta']
[0.251s] Level 1:colcon.colcon_core.package_identification:_identify(src/swarm_control) by extension 'colcon_meta'
[0.251s] Level 1:colcon.colcon_core.package_identification:_identify(src/swarm_control) by extensions ['ros']
[0.251s] Level 1:colcon.colcon_core.package_identification:_identify(src/swarm_control) by extension 'ros'
[0.252s] DEBUG:colcon.colcon_core.package_identification:Package 'src/swarm_control' with type 'ros.ament_python' and name 'swarm_control'
[0.252s] Level 1:colcon.colcon_core.package_discovery:discover_packages(recursive) using defaults
[0.253s] Level 1:colcon.colcon_core.package_discovery:discover_packages(ignore) discover
[0.253s] Level 1:colcon.colcon_core.package_discovery:discover_packages(ignore) using defaults
[0.253s] Level 1:colcon.colcon_core.package_discovery:discover_packages(path) discover
[0.253s] Level 1:colcon.colcon_core.package_discovery:discover_packages(path) using defaults
[0.266s] Level 1:colcon.colcon_core.package_discovery:discover_packages(prefix_path) check parameters
[0.266s] Level 1:colcon.colcon_core.package_discovery:discover_packages(prefix_path) discover
[0.269s] DEBUG:colcon.colcon_installed_package_information.package_discovery:Found 12 installed packages in /root/humble_ws/install
[0.270s] DEBUG:colcon.colcon_installed_package_information.package_discovery:Found 403 installed packages in /opt/ros/humble
[0.272s] Level 1:colcon.colcon_core.package_discovery:discover_packages(prefix_path) using defaults
[0.298s] Level 5:colcon.colcon_core.verb:set package 'swarm_control' build argument 'cmake_args' from command line to 'None'
[0.298s] Level 5:colcon.colcon_core.verb:set package 'swarm_control' build argument 'cmake_target' from command line to 'None'
[0.298s] Level 5:colcon.colcon_core.verb:set package 'swarm_control' build argument 'cmake_target_skip_unavailable' from command line to 'False'
[0.298s] Level 5:colcon.colcon_core.verb:set package 'swarm_control' build argument 'cmake_clean_cache' from command line to 'False'
[0.298s] Level 5:colcon.colcon_core.verb:set package 'swarm_control' build argument 'cmake_clean_first' from command line to 'False'
[0.298s] Level 5:colcon.colcon_core.verb:set package 'swarm_control' build argument 'cmake_force_configure' from command line to 'False'
[0.298s] Level 5:colcon.colcon_core.verb:set package 'swarm_control' build argument 'ament_cmake_args' from command line to 'None'
[0.298s] Level 5:colcon.colcon_core.verb:set package 'swarm_control' build argument 'catkin_cmake_args' from command line to 'None'
[0.298s] Level 5:colcon.colcon_core.verb:set package 'swarm_control' build argument 'catkin_skip_building_tests' from command line to 'False'
[0.298s] DEBUG:colcon.colcon_core.verb:Building package 'swarm_control' with the following arguments: {'ament_cmake_args': None, 'build_base': '/home/ros-user/swarm-formation-ros/ros_ws/build/swarm_control', 'catkin_cmake_args': None, 'catkin_skip_building_tests': False, 'cmake_args': None, 'cmake_clean_cache': False, 'cmake_clean_first': False, 'cmake_force_configure': False, 'cmake_target': None, 'cmake_target_skip_unavailable': False, 'install_base': '/home/ros-user/swarm-formation-ros/ros_ws/install/swarm_control', 'merge_install': False, 'path': '/home/ros-user/swarm-formation-ros/ros_ws/src/swarm_control', 'symlink_install': False, 'test_result_base': None}
[0.298s] INFO:colcon.colcon_core.executor:Executing jobs using 'parallel' executor
[0.299s] DEBUG:colcon.colcon_parallel_executor.executor.parallel:run_until_complete
[0.299s] INFO:colcon.colcon_ros.task.ament_python.build:Building ROS package in '/home/ros-user/swarm-formation-ros/ros_ws/src/swarm_control' with build type 'ament_python'
[0.299s] Level 1:colcon.colcon_core.shell:create_environment_hook('swarm_control', 'ament_prefix_path')
[0.301s] INFO:colcon.colcon_core.plugin_system:Skipping extension 'colcon_core.shell.bat': Not used on non-Windows systems
[0.302s] INFO:colcon.colcon_core.shell:Creating environment hook '/home/ros-user/swarm-formation-ros/ros_ws/install/swarm_control/share/swarm_control/hook/ament_prefix_path.ps1'
[0.302s] INFO:colcon.colcon_core.shell:Creating environment descriptor '/home/ros-user/swarm-formation-ros/ros_ws/install/swarm_control/share/swarm_control/hook/ament_prefix_path.dsv'
[0.302s] INFO:colcon.colcon_core.shell:Creating environment hook '/home/ros-user/swarm-formation-ros/ros_ws/install/swarm_control/share/swarm_control/hook/ament_prefix_path.sh'
[0.303s] INFO:colcon.colcon_core.shell:Skip shell extension 'powershell' for command environment: Not usable outside of PowerShell
[0.303s] DEBUG:colcon.colcon_core.shell:Skip shell extension 'dsv' for command environment
[0.441s] INFO:colcon.colcon_core.task.python.build:Building Python package in '/home/ros-user/swarm-formation-ros/ros_ws/src/swarm_control'
[0.441s] INFO:colcon.colcon_core.shell:Skip shell extension 'powershell' for command environment: Not usable outside of PowerShell
[0.441s] DEBUG:colcon.colcon_core.shell:Skip shell extension 'dsv' for command environment
[0.666s] DEBUG:colcon.colcon_core.event_handler.log_command:Invoking command in '/home/ros-user/swarm-formation-ros/ros_ws/src/swarm_control': PYTHONPATH=/home/ros-user/swarm-formation-ros/ros_ws/build/swarm_control/prefix_override:/usr/lib/python3/dist-packages/colcon_core/task/python/colcon_distutils_commands:/home/ros-user/swarm-formation-ros/ros_ws/install/swarm_control/lib/python3.10/site-packages:${PYTHONPATH} /usr/bin/python3 -W ignore:setup.py install is deprecated -W ignore:easy_install command is deprecated setup.py egg_info --egg-base ../../build/swarm_control build --build-base /home/ros-user/swarm-formation-ros/ros_ws/build/swarm_control/build install --record /home/ros-user/swarm-formation-ros/ros_ws/build/swarm_control/install.log --single-version-externally-managed install_data
[0.819s] DEBUG:colcon.colcon_core.event_handler.log_command:Invoked command in '/home/ros-user/swarm-formation-ros/ros_ws/src/swarm_control' returned '0': PYTHONPATH=/home/ros-user/swarm-formation-ros/ros_ws/build/swarm_control/prefix_override:/usr/lib/python3/dist-packages/colcon_core/task/python/colcon_distutils_commands:/home/ros-user/swarm-formation-ros/ros_ws/install/swarm_control/lib/python3.10/site-packages:${PYTHONPATH} /usr/bin/python3 -W ignore:setup.py install is deprecated -W ignore:easy_install command is deprecated setup.py egg_info --egg-base ../../build/swarm_control build --build-base /home/ros-user/swarm-formation-ros/ros_ws/build/swarm_control/build install --record /home/ros-user/swarm-formation-ros/ros_ws/build/swarm_control/install.log --single-version-externally-managed install_data
[0.821s] Level 1:colcon.colcon_core.environment:checking '/home/ros-user/swarm-formation-ros/ros_ws/install/swarm_control' for CMake module files
[0.821s] Level 1:colcon.colcon_core.environment:checking '/home/ros-user/swarm-formation-ros/ros_ws/install/swarm_control' for CMake config files
[0.822s] Level 1:colcon.colcon_core.environment:checking '/home/ros-user/swarm-formation-ros/ros_ws/install/swarm_control/lib'
[0.822s] Level 1:colcon.colcon_core.environment:checking '/home/ros-user/swarm-formation-ros/ros_ws/install/swarm_control/bin'
[0.822s] Level 1:colcon.colcon_core.environment:checking '/home/ros-user/swarm-formation-ros/ros_ws/install/swarm_control/lib/pkgconfig/swarm_control.pc'
[0.822s] Level 1:colcon.colcon_core.environment:checking '/home/ros-user/swarm-formation-ros/ros_ws/install/swarm_control/lib/python3.10/site-packages'
[0.822s] Level 1:colcon.colcon_core.shell:create_environment_hook('swarm_control', 'pythonpath')
[0.822s] INFO:colcon.colcon_core.shell:Creating environment hook '/home/ros-user/swarm-formation-ros/ros_ws/install/swarm_control/share/swarm_control/hook/pythonpath.ps1'
[0.822s] INFO:colcon.colcon_core.shell:Creating environment descriptor '/home/ros-user/swarm-formation-ros/ros_ws/install/swarm_control/share/swarm_control/hook/pythonpath.dsv'
[0.823s] INFO:colcon.colcon_core.shell:Creating environment hook '/home/ros-user/swarm-formation-ros/ros_ws/install/swarm_control/share/swarm_control/hook/pythonpath.sh'
[0.823s] Level 1:colcon.colcon_core.environment:checking '/home/ros-user/swarm-formation-ros/ros_ws/install/swarm_control/bin'
[0.823s] Level 1:colcon.colcon_core.environment:create_environment_scripts_only(swarm_control)
[0.823s] INFO:colcon.colcon_core.shell:Creating package script '/home/ros-user/swarm-formation-ros/ros_ws/install/swarm_control/share/swarm_control/package.ps1'
[0.824s] INFO:colcon.colcon_core.shell:Creating package descriptor '/home/ros-user/swarm-formation-ros/ros_ws/install/swarm_control/share/swarm_control/package.dsv'
[0.824s] INFO:colcon.colcon_core.shell:Creating package script '/home/ros-user/swarm-formation-ros/ros_ws/install/swarm_control/share/swarm_control/package.sh'
[0.824s] INFO:colcon.colcon_core.shell:Creating package script '/home/ros-user/swarm-formation-ros/ros_ws/install/swarm_control/share/swarm_control/package.bash'
[0.825s] INFO:colcon.colcon_core.shell:Creating package script '/home/ros-user/swarm-formation-ros/ros_ws/install/swarm_control/share/swarm_control/package.zsh'
[0.825s] Level 1:colcon.colcon_core.environment:create_file_with_runtime_dependencies(/home/ros-user/swarm-formation-ros/ros_ws/install/swarm_control/share/colcon-core/packages/swarm_control)
[0.825s] DEBUG:colcon.colcon_parallel_executor.executor.parallel:closing loop
[0.825s] DEBUG:colcon.colcon_parallel_executor.executor.parallel:loop closed
[0.825s] DEBUG:colcon.colcon_parallel_executor.executor.parallel:run_until_complete finished with '0'
[0.825s] DEBUG:colcon.colcon_core.event_reactor:joining thread
[0.833s] INFO:colcon.colcon_core.plugin_system:Skipping extension 'colcon_notification.desktop_notification.notify_send': Could not find 'notify-send'
[0.833s] INFO:colcon.colcon_core.plugin_system:Skipping extension 'colcon_notification.desktop_notification.terminal_notifier': Not used on non-Darwin systems
[0.833s] INFO:colcon.colcon_core.plugin_system:Skipping extension 'colcon_notification.desktop_notification.win32': Not used on non-Windows systems
[0.833s] INFO:colcon.colcon_notification.desktop_notification:Sending desktop notification using 'notify2'
[0.833s] DEBUG:colcon.colcon_notification.desktop_notification.notify2:Failed to initialize notify2: org.freedesktop.DBus.Error.NotSupported: Unable to autolaunch a dbus-daemon without a $DISPLAY for X11
[0.833s] DEBUG:colcon.colcon_core.event_reactor:joined thread
[0.833s] INFO:colcon.colcon_core.shell:Creating prefix script '/home/ros-user/swarm-formation-ros/ros_ws/install/local_setup.ps1'
[0.834s] INFO:colcon.colcon_core.shell:Creating prefix util module '/home/ros-user/swarm-formation-ros/ros_ws/install/_local_setup_util_ps1.py'
[0.834s] INFO:colcon.colcon_core.shell:Creating prefix chain script '/home/ros-user/swarm-formation-ros/ros_ws/install/setup.ps1'
[0.835s] INFO:colcon.colcon_core.shell:Creating prefix script '/home/ros-user/swarm-formation-ros/ros_ws/install/local_setup.sh'
[0.835s] INFO:colcon.colcon_core.shell:Creating prefix util module '/home/ros-user/swarm-formation-ros/ros_ws/install/_local_setup_util_sh.py'
[0.836s] INFO:colcon.colcon_core.shell:Creating prefix chain script '/home/ros-user/swarm-formation-ros/ros_ws/install/setup.sh'
[0.836s] INFO:colcon.colcon_core.shell:Creating prefix script '/home/ros-user/swarm-formation-ros/ros_ws/install/local_setup.bash'
[0.837s] INFO:colcon.colcon_core.shell:Creating prefix chain script '/home/ros-user/swarm-formation-ros/ros_ws/install/setup.bash'
[0.838s] INFO:colcon.colcon_core.shell:Creating prefix script '/home/ros-user/swarm-formation-ros/ros_ws/install/local_setup.zsh'
[0.838s] INFO:colcon.colcon_core.shell:Creating prefix chain script '/home/ros-user/swarm-formation-ros/ros_ws/install/setup.zsh'
