[0.331s] Invoking command in '/home/ros-user/swarm-formation-ros/ros_ws/src/swarm_control': PYTHONPATH=/home/ros-user/swarm-formation-ros/ros_ws/build/swarm_control/prefix_override:/usr/lib/python3/dist-packages/colcon_core/task/python/colcon_distutils_commands:/home/ros-user/swarm-formation-ros/ros_ws/install/swarm_control/lib/python3.10/site-packages:${PYTHONPATH} /usr/bin/python3 -W ignore:setup.py install is deprecated -W ignore:easy_install command is deprecated setup.py egg_info --egg-base ../../build/swarm_control build --build-base /home/ros-user/swarm-formation-ros/ros_ws/build/swarm_control/build install --record /home/ros-user/swarm-formation-ros/ros_ws/build/swarm_control/install.log --single-version-externally-managed install_data
[0.450s] running egg_info
[0.450s] creating ../../build/swarm_control/swarm_control.egg-info
[0.451s] writing ../../build/swarm_control/swarm_control.egg-info/PKG-INFO
[0.451s] writing dependency_links to ../../build/swarm_control/swarm_control.egg-info/dependency_links.txt
[0.451s] writing entry points to ../../build/swarm_control/swarm_control.egg-info/entry_points.txt
[0.451s] writing requirements to ../../build/swarm_control/swarm_control.egg-info/requires.txt
[0.451s] writing top-level names to ../../build/swarm_control/swarm_control.egg-info/top_level.txt
[0.451s] writing manifest file '../../build/swarm_control/swarm_control.egg-info/SOURCES.txt'
[0.451s] reading manifest file '../../build/swarm_control/swarm_control.egg-info/SOURCES.txt'
[0.452s] writing manifest file '../../build/swarm_control/swarm_control.egg-info/SOURCES.txt'
[0.452s] running build
[0.452s] running build_py
[0.452s] creating /home/ros-user/swarm-formation-ros/ros_ws/build/swarm_control/build
[0.452s] creating /home/ros-user/swarm-formation-ros/ros_ws/build/swarm_control/build/lib
[0.452s] creating /home/ros-user/swarm-formation-ros/ros_ws/build/swarm_control/build/lib/swarm_control
[0.452s] copying swarm_control/my_node.py -> /home/ros-user/swarm-formation-ros/ros_ws/build/swarm_control/build/lib/swarm_control
[0.452s] copying swarm_control/__init__.py -> /home/ros-user/swarm-formation-ros/ros_ws/build/swarm_control/build/lib/swarm_control
[0.452s] running install
[0.452s] running install_lib
[0.453s] creating /home/ros-user/swarm-formation-ros/ros_ws/install/swarm_control/lib/python3.10/site-packages/swarm_control
[0.453s] copying /home/ros-user/swarm-formation-ros/ros_ws/build/swarm_control/build/lib/swarm_control/my_node.py -> /home/ros-user/swarm-formation-ros/ros_ws/install/swarm_control/lib/python3.10/site-packages/swarm_control
[0.453s] copying /home/ros-user/swarm-formation-ros/ros_ws/build/swarm_control/build/lib/swarm_control/__init__.py -> /home/ros-user/swarm-formation-ros/ros_ws/install/swarm_control/lib/python3.10/site-packages/swarm_control
[0.453s] byte-compiling /home/ros-user/swarm-formation-ros/ros_ws/install/swarm_control/lib/python3.10/site-packages/swarm_control/my_node.py to my_node.cpython-310.pyc
[0.453s] byte-compiling /home/ros-user/swarm-formation-ros/ros_ws/install/swarm_control/lib/python3.10/site-packages/swarm_control/__init__.py to __init__.cpython-310.pyc
[0.453s] running install_data
[0.453s] creating /home/ros-user/swarm-formation-ros/ros_ws/install/swarm_control/share/ament_index
[0.453s] creating /home/ros-user/swarm-formation-ros/ros_ws/install/swarm_control/share/ament_index/resource_index
[0.453s] creating /home/ros-user/swarm-formation-ros/ros_ws/install/swarm_control/share/ament_index/resource_index/packages
[0.453s] copying resource/swarm_control -> /home/ros-user/swarm-formation-ros/ros_ws/install/swarm_control/share/ament_index/resource_index/packages
[0.454s] copying package.xml -> /home/ros-user/swarm-formation-ros/ros_ws/install/swarm_control/share/swarm_control
[0.454s] running install_egg_info
[0.455s] Copying ../../build/swarm_control/swarm_control.egg-info to /home/ros-user/swarm-formation-ros/ros_ws/install/swarm_control/lib/python3.10/site-packages/swarm_control-0.0.0-py3.10.egg-info
[0.455s] running install_scripts
[0.467s] Installing my_node script to /home/ros-user/swarm-formation-ros/ros_ws/install/swarm_control/lib/swarm_control
[0.467s] writing list of installed files to '/home/ros-user/swarm-formation-ros/ros_ws/build/swarm_control/install.log'
[0.481s] Invoked command in '/home/ros-user/swarm-formation-ros/ros_ws/src/swarm_control' returned '0': PYTHONPATH=/home/ros-user/swarm-formation-ros/ros_ws/build/swarm_control/prefix_override:/usr/lib/python3/dist-packages/colcon_core/task/python/colcon_distutils_commands:/home/ros-user/swarm-formation-ros/ros_ws/install/swarm_control/lib/python3.10/site-packages:${PYTHONPATH} /usr/bin/python3 -W ignore:setup.py install is deprecated -W ignore:easy_install command is deprecated setup.py egg_info --egg-base ../../build/swarm_control build --build-base /home/ros-user/swarm-formation-ros/ros_ws/build/swarm_control/build install --record /home/ros-user/swarm-formation-ros/ros_ws/build/swarm_control/install.log --single-version-externally-managed install_data
